#
# A fatal error has been detected by the Java Runtime Environment:
#
#  EXCEPTION_ACCESS_VIOLATION (0xc0000005) at pc=0x00007ff964037820, pid=1392, tid=16796
#
# JRE version: OpenJDK Runtime Environment Temurin-21.0.7+6 (21.0.7+6) (build 21.0.7+6-LTS)
# Java VM: OpenJDK 64-Bit Server VM Temurin-21.0.7+6 (21.0.7+6-LTS, mixed mode, sharing, tiered, compressed oops, compressed class ptrs, g1 gc, windows-amd64)
# Problematic frame:
# C  [glfw.dll+0x7820]
#
# No core dump will be written. Minidumps are not enabled by default on client versions of Windows
#
# If you would like to submit a bug report, please visit:
#   https://github.com/adoptium/adoptium-support/issues
# The crash happened outside the Java Virtual Machine in native code.
# See problematic frame for where to report the bug.
#

---------------  S U M M A R Y ------------

Command Line: -javaagent:C:\Program Files\JetBrains\IntelliJ IDEA Community Edition 2023.3.4\lib\idea_rt.jar=58470:C:\Program Files\JetBrains\IntelliJ IDEA Community Edition 2023.3.4\bin -Dfile.encoding=UTF-8 -Dsun.stdout.encoding=UTF-8 -Dsun.stderr.encoding=UTF-8 Main

Host: Intel(R) Core(TM) i7-7700K CPU @ 4.20GHz, 8 cores, 15G,  Windows 10 , 64 bit Build 19041 (10.0.19041.5915)
Time: Fri Jul 18 20:10:35 2025 Eastern Daylight Time elapsed time: 1.557301 seconds (0d 0h 0m 1s)

---------------  T H R E A D  ---------------

Current thread (0x0000023c1b68d740):  JavaThread "main"             [_thread_in_native, id=16796, stack(0x0000005eabd00000,0x0000005eabe00000) (1024K)]

Stack: [0x0000005eabd00000,0x0000005eabe00000],  sp=0x0000005eabdff410,  free space=1021k
Native frames: (J=compiled Java code, j=interpreted, Vv=VM code, C=native code)
C  [glfw.dll+0x7820]

Java frames: (J=compiled Java code, j=interpreted, Vv=VM code)
j  org.lwjgl.system.JNI.invokePV(JJ)V+0
j  org.lwjgl.glfw.GLFW.glfwDestroyWindow(J)V+6
j  Main.main([Ljava/lang/String;)V+107
v  ~StubRoutines::call_stub 0x0000023c2b2c100d

siginfo: EXCEPTION_ACCESS_VIOLATION (0xc0000005), reading address 0x0000000000000000


Registers:
RAX=0x00007ff964046870, RBX=0x0000023c00937540, RCX=0x0000000000000000, RDX=0x00007ff9640af078
RSP=0x0000005eabdff410, RBP=0x0000005eabdff4c8, RSI=0x0000000000000110, RDI=0x0000023c2b2c8988
R8 =0x0000000000000098, R9 =0x00000000000000a0, R10=0x00007ff964030000, R11=0x00007ff964060385
R12=0x0000000000000000, R13=0x0000023c7c4a7688, R14=0x0000005eabdff500, R15=0x0000023c1b68d740
RIP=0x00007ff964037820, EFLAGS=0x0000000000010287

XMM[0]=0x0000000000000000 0x0000000000000000
XMM[1]=0x0000000000000000 0x0000000000000000
XMM[2]=0x0000000000000000 0x0000000000000000
XMM[3]=0x0000000000000000 0x0000000000000000
XMM[4]=0x0000000000000000 0x0000000000000000
XMM[5]=0x0000000000000000 0x0000000000000000
XMM[6]=0x0000000000000000 0x0000000000000000
XMM[7]=0x0000000000000000 0x0000000000000000
XMM[8]=0x0000000000000000 0x0000000000000000
XMM[9]=0x0000000000000000 0x0000000000000000
XMM[10]=0x0000000000000000 0x0000000000000000
XMM[11]=0x0000000000000000 0x0000000000000000
XMM[12]=0x0000000000000000 0x0000000000000000
XMM[13]=0x0000000000000000 0x0000000000000000
XMM[14]=0x0000000000000000 0x0000000000000000
XMM[15]=0x0000000000000000 0x0000000000000000
  MXCSR=0x00001fa0


Register to memory mapping:

RAX=0x00007ff964046870 glfw.dll
RBX=0x0000023c00937540 points into unknown readable memory: 0x0000023c00e57010 | 10 70 e5 00 3c 02 00 00
RCX=0x0 is null
RDX=0x00007ff9640af078 glfw.dll
RSP=0x0000005eabdff410 is pointing into the stack for thread: 0x0000023c1b68d740
RBP=0x0000005eabdff4c8 is pointing into the stack for thread: 0x0000023c1b68d740
RSI=0x0000000000000110 is an unknown value
RDI=0x0000023c2b2c8988 is at code_begin+1480 in an Interpreter codelet
return entry points  [0x0000023c2b2c83c0, 0x0000023c2b2c8f60]  2976 bytes
R8 =0x0000000000000098 is an unknown value
R9 =0x00000000000000a0 is an unknown value
R10=0x00007ff964030000 glfw.dll
R11=0x00007ff964060385 glfw.dll
R12=0x0 is null
R13={method} {0x0000023c7c4a7690} 'invokePV' '(JJ)V' in 'org/lwjgl/system/JNI'
R14=0x0000005eabdff500 is pointing into the stack for thread: 0x0000023c1b68d740
R15=0x0000023c1b68d740 is a thread

Top of Stack: (sp=0x0000005eabdff410)
0x0000005eabdff410:   0000000000000000 0000023c2b2cd488
0x0000005eabdff420:   0000000000000001 0000000000000000
0x0000005eabdff430:   0000023c7c4a7688 0000023c2b2cce4b
0x0000005eabdff440:   00007ff964034340 00007ff9995d0000
0x0000005eabdff450:   0000000000000000 0000000000000000
0x0000005eabdff460:   0000000000000000 0000023c2b2cd488
0x0000005eabdff470:   0000005eabdff470 0000000000000000
0x0000005eabdff480:   0000005eabdff480 0000000000000000
0x0000005eabdff490:   0000000000000007 0000023c7c4df408
0x0000005eabdff4a0:   0000000000000000 00000007125fb6c8
0x0000005eabdff4b0:   0000023c7c4a7688 0000000000000000
0x0000005eabdff4c0:   0000005eabdff4e8 0000005eabdff550
0x0000005eabdff4d0:   0000023c2b2c8860 00000007125fb6c8
0x0000005eabdff4e0:   0000023c2b2ca3d7 00007ff9640377a0
0x0000005eabdff4f0:   0000000000000000 0000023c00937540
0x0000005eabdff500:   0000000000000000 0000005eabdff508
0x0000005eabdff510:   0000023c7c411266 0000000000000005
0x0000005eabdff520:   0000023c7c425a40 0000000000000000
0x0000005eabdff530:   00000007127b9b88 0000023c7c411298
0x0000005eabdff540:   0000005eabdff4e8 0000005eabdff570
0x0000005eabdff550:   0000005eabdff5c8 0000023c2b2c8860
0x0000005eabdff560:   00007ff9640377a0 0000000000000000
0x0000005eabdff570:   0000023c00937540 0000000000000000
0x0000005eabdff580:   0000005eabdff580 0000023c7c408333
0x0000005eabdff590:   0000000000000005 0000023c7c408460
0x0000005eabdff5a0:   0000000000000000 0000000712787a30
0x0000005eabdff5b0:   0000023c7c4083d0 0000005eabdff570
0x0000005eabdff5c0:   0000005eabdff5f0 0000005eabdff7d0
0x0000005eabdff5d0:   0000023c2b2c100d 0000000712216f28
0x0000005eabdff5e0:   0000023c00937540 0000000000000000
0x0000005eabdff5f0:   0000000712788050 00007ff9a853b86b
0x0000005eabdff600:   0000000000000000 0000023c19310fc0 

Instructions: (pc=0x00007ff964037820)
0x00007ff964037720:   00 01 00 00 00 0f 11 05 8c 74 07 00 c7 05 9a 74
0x00007ff964037730:   07 00 00 00 00 80 0f 11 05 6b 74 07 00 c7 05 8d
0x00007ff964037740:   74 07 00 00 00 00 80 66 0f 6f 05 91 31 06 00 f3
0x00007ff964037750:   0f 7f 05 31 74 07 00 48 c7 05 b2 74 07 00 01 00
0x00007ff964037760:   00 00 48 89 05 5f 74 07 00 c7 05 25 74 07 00 18
0x00007ff964037770:   00 00 00 c7 05 1f 74 07 00 08 00 00 00 c7 05 39
0x00007ff964037780:   74 07 00 01 00 00 00 c7 05 cf 78 07 00 ff ff ff
0x00007ff964037790:   ff 48 83 c4 28 c3 cc cc cc cc cc cc cc cc cc cc
0x00007ff9640377a0:   40 53 48 83 ec 20 83 3d 23 71 07 00 00 48 8b d9
0x00007ff9640377b0:   75 11 33 d2 b9 01 00 01 00 48 83 c4 20 5b e9 ed
0x00007ff9640377c0:   a6 ff ff 48 85 db 0f 84 a0 00 00 00 48 81 c1 38
0x00007ff9640377d0:   03 00 00 33 d2 41 b8 a0 00 00 00 e8 f0 89 02 00
0x00007ff9640377e0:   48 8d 0d bd 8a 07 00 e8 e4 49 00 00 48 3b d8 75
0x00007ff9640377f0:   07 33 c9 e8 08 a5 ff ff 48 8b cb ff 15 07 72 07
0x00007ff964037800:   00 48 8b 0d 70 78 07 00 48 8d 15 69 78 07 00 48
0x00007ff964037810:   3b cb 74 1a 0f 1f 40 00 0f 1f 84 00 00 00 00 00
0x00007ff964037820:   48 8b 01 48 8b d1 48 8b c8 48 3b c3 75 f2 48 8b
0x00007ff964037830:   03 48 89 02 48 8b 8b e0 02 00 00 48 85 c9 74 05
0x00007ff964037840:   e8 7b ab ff ff 48 8b 8b f0 02 00 00 48 85 c9 74
0x00007ff964037850:   05 e8 6a ab ff ff 48 8b 4b 60 e8 61 ab ff ff 48
0x00007ff964037860:   8b cb 48 83 c4 20 5b e9 54 ab ff ff 48 83 c4 20
0x00007ff964037870:   5b c3 cc cc cc cc cc cc cc cc cc cc cc cc cc cc
0x00007ff964037880:   83 3d 49 70 07 00 00 75 0c 33 d2 b9 01 00 01 00
0x00007ff964037890:   e9 1b a6 ff ff 48 ff 25 fc 71 07 00 cc cc cc cc
0x00007ff9640378a0:   33 c0 48 85 d2 74 02 89 02 4d 85 c0 74 03 41 89
0x00007ff9640378b0:   00 39 05 19 70 07 00 75 0c 33 d2 b9 01 00 01 00
0x00007ff9640378c0:   e9 eb a5 ff ff 48 ff 25 84 71 07 00 cc cc cc cc
0x00007ff9640378d0:   48 83 ec 28 83 3d f5 6f 07 00 00 75 13 33 d2 b9
0x00007ff9640378e0:   01 00 01 00 e8 c7 a5 ff ff 33 c0 48 83 c4 28 c3
0x00007ff9640378f0:   81 fa 10 10 02 00 0f 8f a5 00 00 00 0f 84 97 00
0x00007ff964037900:   00 00 8d 82 ff ff fd ff 83 f8 0c 0f 87 2e 01 00
0x00007ff964037910:   00 48 98 4c 8d 05 e6 86 ff ff 41 8b 84 80 5c 7a 


Stack slot to memory mapping:

stack at sp + 0 slots: 0x0 is null
stack at sp + 1 slots: 0x0000023c2b2cd488 is at code_begin+2664 in an Interpreter codelet
native method entry point (kind = native)  [0x0000023c2b2cca20, 0x0000023c2b2cd548]  2856 bytes
stack at sp + 2 slots: 0x0000000000000001 is an unknown value
stack at sp + 3 slots: 0x0 is null
stack at sp + 4 slots: {method} {0x0000023c7c4a7690} 'invokePV' '(JJ)V' in 'org/lwjgl/system/JNI'
stack at sp + 5 slots: 0x0000023c2b2cce4b is at code_begin+1067 in an Interpreter codelet
native method entry point (kind = native)  [0x0000023c2b2cca20, 0x0000023c2b2cd548]  2856 bytes
stack at sp + 6 slots: 0x00007ff964034340 glfw.dll
stack at sp + 7 slots: 0x00007ff9995d0000 opengl32.dll


---------------  P R O C E S S  ---------------

Threads class SMR info:
_java_thread_list=0x0000023c00fa7e40, length=13, elements={
0x0000023c1b68d740, 0x0000023c3aa12e10, 0x0000023c3aa14c20, 0x0000023c3aa16a30,
0x0000023c3aa19490, 0x0000023c3aa19ee0, 0x0000023c3aa1a930, 0x0000023c3aa1e390,
0x0000023c3aa20e60, 0x0000023c3a9e2c60, 0x0000023c3abd2290, 0x0000023c3abf9c30,
0x0000023c01009f70
}

Java Threads: ( => current thread )
=>0x0000023c1b68d740 JavaThread "main"                              [_thread_in_native, id=16796, stack(0x0000005eabd00000,0x0000005eabe00000) (1024K)]
  0x0000023c3aa12e10 JavaThread "Reference Handler"          daemon [_thread_blocked, id=19852, stack(0x0000005eac500000,0x0000005eac600000) (1024K)]
  0x0000023c3aa14c20 JavaThread "Finalizer"                  daemon [_thread_blocked, id=23320, stack(0x0000005eac600000,0x0000005eac700000) (1024K)]
  0x0000023c3aa16a30 JavaThread "Signal Dispatcher"          daemon [_thread_blocked, id=7380, stack(0x0000005eac700000,0x0000005eac800000) (1024K)]
  0x0000023c3aa19490 JavaThread "Attach Listener"            daemon [_thread_blocked, id=4300, stack(0x0000005eac800000,0x0000005eac900000) (1024K)]
  0x0000023c3aa19ee0 JavaThread "Service Thread"             daemon [_thread_blocked, id=9044, stack(0x0000005eac900000,0x0000005eaca00000) (1024K)]
  0x0000023c3aa1a930 JavaThread "Monitor Deflation Thread"   daemon [_thread_blocked, id=11580, stack(0x0000005eaca00000,0x0000005eacb00000) (1024K)]
  0x0000023c3aa1e390 JavaThread "C2 CompilerThread0"         daemon [_thread_blocked, id=19080, stack(0x0000005eacb00000,0x0000005eacc00000) (1024K)]
  0x0000023c3aa20e60 JavaThread "C1 CompilerThread0"         daemon [_thread_blocked, id=2484, stack(0x0000005eacc00000,0x0000005eacd00000) (1024K)]
  0x0000023c3a9e2c60 JavaThread "Common-Cleaner"             daemon [_thread_blocked, id=24644, stack(0x0000005eacd00000,0x0000005eace00000) (1024K)]
  0x0000023c3abd2290 JavaThread "Monitor Ctrl-Break"         daemon [_thread_in_native, id=24520, stack(0x0000005eace00000,0x0000005eacf00000) (1024K)]
  0x0000023c3abf9c30 JavaThread "Notification Thread"        daemon [_thread_blocked, id=10972, stack(0x0000005eacf00000,0x0000005ead000000) (1024K)]
  0x0000023c01009f70 JavaThread "C2 CompilerThread1"         daemon [_thread_blocked, id=5216, stack(0x0000005ead800000,0x0000005ead900000) (1024K)]
Total: 13

Other Threads:
  0x0000023c3a9f4b20 VMThread "VM Thread"                           [id=12496, stack(0x0000005eac400000,0x0000005eac500000) (1024K)]
  0x0000023c3a9e1fc0 WatcherThread "VM Periodic Task Thread"        [id=3064, stack(0x0000005eac300000,0x0000005eac400000) (1024K)]
  0x0000023c1b6f6830 WorkerThread "GC Thread#0"                     [id=21868, stack(0x0000005eabe00000,0x0000005eabf00000) (1024K)]
  0x0000023c1b708870 ConcurrentGCThread "G1 Main Marker"            [id=25624, stack(0x0000005eabf00000,0x0000005eac000000) (1024K)]
  0x0000023c1b709280 WorkerThread "G1 Conc#0"                       [id=27304, stack(0x0000005eac000000,0x0000005eac100000) (1024K)]
  0x0000023c3a8b5590 ConcurrentGCThread "G1 Refine#0"               [id=19008, stack(0x0000005eac100000,0x0000005eac200000) (1024K)]
  0x0000023c3a8b5db0 ConcurrentGCThread "G1 Service"                [id=13736, stack(0x0000005eac200000,0x0000005eac300000) (1024K)]
Total: 7

Threads with active compile tasks:
Total: 0

VM state: not at safepoint (normal execution)

VM Mutex/Monitor currently owned by a thread: None

Heap address: 0x0000000702c00000, size: 4052 MB, Compressed Oops mode: Zero based, Oop shift amount: 3

CDS archive(s) mapped at: [0x0000023c3b000000-0x0000023c3bc80000-0x0000023c3bc80000), size 13107200, SharedBaseAddress: 0x0000023c3b000000, ArchiveRelocationMode: 1.
Compressed class space mapped at: 0x0000023c3c000000-0x0000023c7c000000, reserved size: 1073741824
Narrow klass base: 0x0000023c3b000000, Narrow klass shift: 0, Narrow klass range: 0x100000000

GC Precious Log:
 CardTable entry size: 512
 Card Set container configuration: InlinePtr #cards 4 size 8 Array Of Cards #cards 16 size 48 Howl #buckets 8 coarsen threshold 3686 Howl Bitmap #cards 512 size 80 coarsen threshold 460 Card regions per heap region 1 cards per card region 4096
 CPUs: 8 total, 8 available
 Memory: 16203M
 Large Page Support: Disabled
 NUMA Support: Disabled
 Compressed Oops: Enabled (Zero based)
 Heap Region Size: 2M
 Heap Min Capacity: 8M
 Heap Initial Capacity: 254M
 Heap Max Capacity: 4052M
 Pre-touch: Disabled
 Parallel Workers: 8
 Concurrent Workers: 2
 Concurrent Refinement Workers: 8
 Periodic GC: Disabled

Heap:
 garbage-first heap   total 260096K, used 8192K [0x0000000702c00000, 0x0000000800000000)
  region size 2048K, 5 young (10240K), 0 survivors (0K)
 Metaspace       used 3540K, committed 3776K, reserved 1114112K
  class space    used 201K, committed 320K, reserved 1048576K

Heap Regions: E=young(eden), S=young(survivor), O=old, HS=humongous(starts), HC=humongous(continues), CS=collection set, F=free, TAMS=top-at-mark-start, PB=parsable bottom
|   0|0x0000000702c00000, 0x0000000702c00000, 0x0000000702e00000|  0%| F|  |TAMS 0x0000000702c00000| PB 0x0000000702c00000| Untracked 
|   1|0x0000000702e00000, 0x0000000702e00000, 0x0000000703000000|  0%| F|  |TAMS 0x0000000702e00000| PB 0x0000000702e00000| Untracked 
|   2|0x0000000703000000, 0x0000000703000000, 0x0000000703200000|  0%| F|  |TAMS 0x0000000703000000| PB 0x0000000703000000| Untracked 
|   3|0x0000000703200000, 0x0000000703200000, 0x0000000703400000|  0%| F|  |TAMS 0x0000000703200000| PB 0x0000000703200000| Untracked 
|   4|0x0000000703400000, 0x0000000703400000, 0x0000000703600000|  0%| F|  |TAMS 0x0000000703400000| PB 0x0000000703400000| Untracked 
|   5|0x0000000703600000, 0x0000000703600000, 0x0000000703800000|  0%| F|  |TAMS 0x0000000703600000| PB 0x0000000703600000| Untracked 
|   6|0x0000000703800000, 0x0000000703800000, 0x0000000703a00000|  0%| F|  |TAMS 0x0000000703800000| PB 0x0000000703800000| Untracked 
|   7|0x0000000703a00000, 0x0000000703a00000, 0x0000000703c00000|  0%| F|  |TAMS 0x0000000703a00000| PB 0x0000000703a00000| Untracked 
|   8|0x0000000703c00000, 0x0000000703c00000, 0x0000000703e00000|  0%| F|  |TAMS 0x0000000703c00000| PB 0x0000000703c00000| Untracked 
|   9|0x0000000703e00000, 0x0000000703e00000, 0x0000000704000000|  0%| F|  |TAMS 0x0000000703e00000| PB 0x0000000703e00000| Untracked 
|  10|0x0000000704000000, 0x0000000704000000, 0x0000000704200000|  0%| F|  |TAMS 0x0000000704000000| PB 0x0000000704000000| Untracked 
|  11|0x0000000704200000, 0x0000000704200000, 0x0000000704400000|  0%| F|  |TAMS 0x0000000704200000| PB 0x0000000704200000| Untracked 
|  12|0x0000000704400000, 0x0000000704400000, 0x0000000704600000|  0%| F|  |TAMS 0x0000000704400000| PB 0x0000000704400000| Untracked 
|  13|0x0000000704600000, 0x0000000704600000, 0x0000000704800000|  0%| F|  |TAMS 0x0000000704600000| PB 0x0000000704600000| Untracked 
|  14|0x0000000704800000, 0x0000000704800000, 0x0000000704a00000|  0%| F|  |TAMS 0x0000000704800000| PB 0x0000000704800000| Untracked 
|  15|0x0000000704a00000, 0x0000000704a00000, 0x0000000704c00000|  0%| F|  |TAMS 0x0000000704a00000| PB 0x0000000704a00000| Untracked 
|  16|0x0000000704c00000, 0x0000000704c00000, 0x0000000704e00000|  0%| F|  |TAMS 0x0000000704c00000| PB 0x0000000704c00000| Untracked 
|  17|0x0000000704e00000, 0x0000000704e00000, 0x0000000705000000|  0%| F|  |TAMS 0x0000000704e00000| PB 0x0000000704e00000| Untracked 
|  18|0x0000000705000000, 0x0000000705000000, 0x0000000705200000|  0%| F|  |TAMS 0x0000000705000000| PB 0x0000000705000000| Untracked 
|  19|0x0000000705200000, 0x0000000705200000, 0x0000000705400000|  0%| F|  |TAMS 0x0000000705200000| PB 0x0000000705200000| Untracked 
|  20|0x0000000705400000, 0x0000000705400000, 0x0000000705600000|  0%| F|  |TAMS 0x0000000705400000| PB 0x0000000705400000| Untracked 
|  21|0x0000000705600000, 0x0000000705600000, 0x0000000705800000|  0%| F|  |TAMS 0x0000000705600000| PB 0x0000000705600000| Untracked 
|  22|0x0000000705800000, 0x0000000705800000, 0x0000000705a00000|  0%| F|  |TAMS 0x0000000705800000| PB 0x0000000705800000| Untracked 
|  23|0x0000000705a00000, 0x0000000705a00000, 0x0000000705c00000|  0%| F|  |TAMS 0x0000000705a00000| PB 0x0000000705a00000| Untracked 
|  24|0x0000000705c00000, 0x0000000705c00000, 0x0000000705e00000|  0%| F|  |TAMS 0x0000000705c00000| PB 0x0000000705c00000| Untracked 
|  25|0x0000000705e00000, 0x0000000705e00000, 0x0000000706000000|  0%| F|  |TAMS 0x0000000705e00000| PB 0x0000000705e00000| Untracked 
|  26|0x0000000706000000, 0x0000000706000000, 0x0000000706200000|  0%| F|  |TAMS 0x0000000706000000| PB 0x0000000706000000| Untracked 
|  27|0x0000000706200000, 0x0000000706200000, 0x0000000706400000|  0%| F|  |TAMS 0x0000000706200000| PB 0x0000000706200000| Untracked 
|  28|0x0000000706400000, 0x0000000706400000, 0x0000000706600000|  0%| F|  |TAMS 0x0000000706400000| PB 0x0000000706400000| Untracked 
|  29|0x0000000706600000, 0x0000000706600000, 0x0000000706800000|  0%| F|  |TAMS 0x0000000706600000| PB 0x0000000706600000| Untracked 
|  30|0x0000000706800000, 0x0000000706800000, 0x0000000706a00000|  0%| F|  |TAMS 0x0000000706800000| PB 0x0000000706800000| Untracked 
|  31|0x0000000706a00000, 0x0000000706a00000, 0x0000000706c00000|  0%| F|  |TAMS 0x0000000706a00000| PB 0x0000000706a00000| Untracked 
|  32|0x0000000706c00000, 0x0000000706c00000, 0x0000000706e00000|  0%| F|  |TAMS 0x0000000706c00000| PB 0x0000000706c00000| Untracked 
|  33|0x0000000706e00000, 0x0000000706e00000, 0x0000000707000000|  0%| F|  |TAMS 0x0000000706e00000| PB 0x0000000706e00000| Untracked 
|  34|0x0000000707000000, 0x0000000707000000, 0x0000000707200000|  0%| F|  |TAMS 0x0000000707000000| PB 0x0000000707000000| Untracked 
|  35|0x0000000707200000, 0x0000000707200000, 0x0000000707400000|  0%| F|  |TAMS 0x0000000707200000| PB 0x0000000707200000| Untracked 
|  36|0x0000000707400000, 0x0000000707400000, 0x0000000707600000|  0%| F|  |TAMS 0x0000000707400000| PB 0x0000000707400000| Untracked 
|  37|0x0000000707600000, 0x0000000707600000, 0x0000000707800000|  0%| F|  |TAMS 0x0000000707600000| PB 0x0000000707600000| Untracked 
|  38|0x0000000707800000, 0x0000000707800000, 0x0000000707a00000|  0%| F|  |TAMS 0x0000000707800000| PB 0x0000000707800000| Untracked 
|  39|0x0000000707a00000, 0x0000000707a00000, 0x0000000707c00000|  0%| F|  |TAMS 0x0000000707a00000| PB 0x0000000707a00000| Untracked 
|  40|0x0000000707c00000, 0x0000000707c00000, 0x0000000707e00000|  0%| F|  |TAMS 0x0000000707c00000| PB 0x0000000707c00000| Untracked 
|  41|0x0000000707e00000, 0x0000000707e00000, 0x0000000708000000|  0%| F|  |TAMS 0x0000000707e00000| PB 0x0000000707e00000| Untracked 
|  42|0x0000000708000000, 0x0000000708000000, 0x0000000708200000|  0%| F|  |TAMS 0x0000000708000000| PB 0x0000000708000000| Untracked 
|  43|0x0000000708200000, 0x0000000708200000, 0x0000000708400000|  0%| F|  |TAMS 0x0000000708200000| PB 0x0000000708200000| Untracked 
|  44|0x0000000708400000, 0x0000000708400000, 0x0000000708600000|  0%| F|  |TAMS 0x0000000708400000| PB 0x0000000708400000| Untracked 
|  45|0x0000000708600000, 0x0000000708600000, 0x0000000708800000|  0%| F|  |TAMS 0x0000000708600000| PB 0x0000000708600000| Untracked 
|  46|0x0000000708800000, 0x0000000708800000, 0x0000000708a00000|  0%| F|  |TAMS 0x0000000708800000| PB 0x0000000708800000| Untracked 
|  47|0x0000000708a00000, 0x0000000708a00000, 0x0000000708c00000|  0%| F|  |TAMS 0x0000000708a00000| PB 0x0000000708a00000| Untracked 
|  48|0x0000000708c00000, 0x0000000708c00000, 0x0000000708e00000|  0%| F|  |TAMS 0x0000000708c00000| PB 0x0000000708c00000| Untracked 
|  49|0x0000000708e00000, 0x0000000708e00000, 0x0000000709000000|  0%| F|  |TAMS 0x0000000708e00000| PB 0x0000000708e00000| Untracked 
|  50|0x0000000709000000, 0x0000000709000000, 0x0000000709200000|  0%| F|  |TAMS 0x0000000709000000| PB 0x0000000709000000| Untracked 
|  51|0x0000000709200000, 0x0000000709200000, 0x0000000709400000|  0%| F|  |TAMS 0x0000000709200000| PB 0x0000000709200000| Untracked 
|  52|0x0000000709400000, 0x0000000709400000, 0x0000000709600000|  0%| F|  |TAMS 0x0000000709400000| PB 0x0000000709400000| Untracked 
|  53|0x0000000709600000, 0x0000000709600000, 0x0000000709800000|  0%| F|  |TAMS 0x0000000709600000| PB 0x0000000709600000| Untracked 
|  54|0x0000000709800000, 0x0000000709800000, 0x0000000709a00000|  0%| F|  |TAMS 0x0000000709800000| PB 0x0000000709800000| Untracked 
|  55|0x0000000709a00000, 0x0000000709a00000, 0x0000000709c00000|  0%| F|  |TAMS 0x0000000709a00000| PB 0x0000000709a00000| Untracked 
|  56|0x0000000709c00000, 0x0000000709c00000, 0x0000000709e00000|  0%| F|  |TAMS 0x0000000709c00000| PB 0x0000000709c00000| Untracked 
|  57|0x0000000709e00000, 0x0000000709e00000, 0x000000070a000000|  0%| F|  |TAMS 0x0000000709e00000| PB 0x0000000709e00000| Untracked 
|  58|0x000000070a000000, 0x000000070a000000, 0x000000070a200000|  0%| F|  |TAMS 0x000000070a000000| PB 0x000000070a000000| Untracked 
|  59|0x000000070a200000, 0x000000070a200000, 0x000000070a400000|  0%| F|  |TAMS 0x000000070a200000| PB 0x000000070a200000| Untracked 
|  60|0x000000070a400000, 0x000000070a400000, 0x000000070a600000|  0%| F|  |TAMS 0x000000070a400000| PB 0x000000070a400000| Untracked 
|  61|0x000000070a600000, 0x000000070a600000, 0x000000070a800000|  0%| F|  |TAMS 0x000000070a600000| PB 0x000000070a600000| Untracked 
|  62|0x000000070a800000, 0x000000070a800000, 0x000000070aa00000|  0%| F|  |TAMS 0x000000070a800000| PB 0x000000070a800000| Untracked 
|  63|0x000000070aa00000, 0x000000070aa00000, 0x000000070ac00000|  0%| F|  |TAMS 0x000000070aa00000| PB 0x000000070aa00000| Untracked 
|  64|0x000000070ac00000, 0x000000070ac00000, 0x000000070ae00000|  0%| F|  |TAMS 0x000000070ac00000| PB 0x000000070ac00000| Untracked 
|  65|0x000000070ae00000, 0x000000070ae00000, 0x000000070b000000|  0%| F|  |TAMS 0x000000070ae00000| PB 0x000000070ae00000| Untracked 
|  66|0x000000070b000000, 0x000000070b000000, 0x000000070b200000|  0%| F|  |TAMS 0x000000070b000000| PB 0x000000070b000000| Untracked 
|  67|0x000000070b200000, 0x000000070b200000, 0x000000070b400000|  0%| F|  |TAMS 0x000000070b200000| PB 0x000000070b200000| Untracked 
|  68|0x000000070b400000, 0x000000070b400000, 0x000000070b600000|  0%| F|  |TAMS 0x000000070b400000| PB 0x000000070b400000| Untracked 
|  69|0x000000070b600000, 0x000000070b600000, 0x000000070b800000|  0%| F|  |TAMS 0x000000070b600000| PB 0x000000070b600000| Untracked 
|  70|0x000000070b800000, 0x000000070b800000, 0x000000070ba00000|  0%| F|  |TAMS 0x000000070b800000| PB 0x000000070b800000| Untracked 
|  71|0x000000070ba00000, 0x000000070ba00000, 0x000000070bc00000|  0%| F|  |TAMS 0x000000070ba00000| PB 0x000000070ba00000| Untracked 
|  72|0x000000070bc00000, 0x000000070bc00000, 0x000000070be00000|  0%| F|  |TAMS 0x000000070bc00000| PB 0x000000070bc00000| Untracked 
|  73|0x000000070be00000, 0x000000070be00000, 0x000000070c000000|  0%| F|  |TAMS 0x000000070be00000| PB 0x000000070be00000| Untracked 
|  74|0x000000070c000000, 0x000000070c000000, 0x000000070c200000|  0%| F|  |TAMS 0x000000070c000000| PB 0x000000070c000000| Untracked 
|  75|0x000000070c200000, 0x000000070c200000, 0x000000070c400000|  0%| F|  |TAMS 0x000000070c200000| PB 0x000000070c200000| Untracked 
|  76|0x000000070c400000, 0x000000070c400000, 0x000000070c600000|  0%| F|  |TAMS 0x000000070c400000| PB 0x000000070c400000| Untracked 
|  77|0x000000070c600000, 0x000000070c600000, 0x000000070c800000|  0%| F|  |TAMS 0x000000070c600000| PB 0x000000070c600000| Untracked 
|  78|0x000000070c800000, 0x000000070c800000, 0x000000070ca00000|  0%| F|  |TAMS 0x000000070c800000| PB 0x000000070c800000| Untracked 
|  79|0x000000070ca00000, 0x000000070ca00000, 0x000000070cc00000|  0%| F|  |TAMS 0x000000070ca00000| PB 0x000000070ca00000| Untracked 
|  80|0x000000070cc00000, 0x000000070cc00000, 0x000000070ce00000|  0%| F|  |TAMS 0x000000070cc00000| PB 0x000000070cc00000| Untracked 
|  81|0x000000070ce00000, 0x000000070ce00000, 0x000000070d000000|  0%| F|  |TAMS 0x000000070ce00000| PB 0x000000070ce00000| Untracked 
|  82|0x000000070d000000, 0x000000070d000000, 0x000000070d200000|  0%| F|  |TAMS 0x000000070d000000| PB 0x000000070d000000| Untracked 
|  83|0x000000070d200000, 0x000000070d200000, 0x000000070d400000|  0%| F|  |TAMS 0x000000070d200000| PB 0x000000070d200000| Untracked 
|  84|0x000000070d400000, 0x000000070d400000, 0x000000070d600000|  0%| F|  |TAMS 0x000000070d400000| PB 0x000000070d400000| Untracked 
|  85|0x000000070d600000, 0x000000070d600000, 0x000000070d800000|  0%| F|  |TAMS 0x000000070d600000| PB 0x000000070d600000| Untracked 
|  86|0x000000070d800000, 0x000000070d800000, 0x000000070da00000|  0%| F|  |TAMS 0x000000070d800000| PB 0x000000070d800000| Untracked 
|  87|0x000000070da00000, 0x000000070da00000, 0x000000070dc00000|  0%| F|  |TAMS 0x000000070da00000| PB 0x000000070da00000| Untracked 
|  88|0x000000070dc00000, 0x000000070dc00000, 0x000000070de00000|  0%| F|  |TAMS 0x000000070dc00000| PB 0x000000070dc00000| Untracked 
|  89|0x000000070de00000, 0x000000070de00000, 0x000000070e000000|  0%| F|  |TAMS 0x000000070de00000| PB 0x000000070de00000| Untracked 
|  90|0x000000070e000000, 0x000000070e000000, 0x000000070e200000|  0%| F|  |TAMS 0x000000070e000000| PB 0x000000070e000000| Untracked 
|  91|0x000000070e200000, 0x000000070e200000, 0x000000070e400000|  0%| F|  |TAMS 0x000000070e200000| PB 0x000000070e200000| Untracked 
|  92|0x000000070e400000, 0x000000070e400000, 0x000000070e600000|  0%| F|  |TAMS 0x000000070e400000| PB 0x000000070e400000| Untracked 
|  93|0x000000070e600000, 0x000000070e600000, 0x000000070e800000|  0%| F|  |TAMS 0x000000070e600000| PB 0x000000070e600000| Untracked 
|  94|0x000000070e800000, 0x000000070e800000, 0x000000070ea00000|  0%| F|  |TAMS 0x000000070e800000| PB 0x000000070e800000| Untracked 
|  95|0x000000070ea00000, 0x000000070ea00000, 0x000000070ec00000|  0%| F|  |TAMS 0x000000070ea00000| PB 0x000000070ea00000| Untracked 
|  96|0x000000070ec00000, 0x000000070ec00000, 0x000000070ee00000|  0%| F|  |TAMS 0x000000070ec00000| PB 0x000000070ec00000| Untracked 
|  97|0x000000070ee00000, 0x000000070ee00000, 0x000000070f000000|  0%| F|  |TAMS 0x000000070ee00000| PB 0x000000070ee00000| Untracked 
|  98|0x000000070f000000, 0x000000070f000000, 0x000000070f200000|  0%| F|  |TAMS 0x000000070f000000| PB 0x000000070f000000| Untracked 
|  99|0x000000070f200000, 0x000000070f200000, 0x000000070f400000|  0%| F|  |TAMS 0x000000070f200000| PB 0x000000070f200000| Untracked 
| 100|0x000000070f400000, 0x000000070f400000, 0x000000070f600000|  0%| F|  |TAMS 0x000000070f400000| PB 0x000000070f400000| Untracked 
| 101|0x000000070f600000, 0x000000070f600000, 0x000000070f800000|  0%| F|  |TAMS 0x000000070f600000| PB 0x000000070f600000| Untracked 
| 102|0x000000070f800000, 0x000000070f800000, 0x000000070fa00000|  0%| F|  |TAMS 0x000000070f800000| PB 0x000000070f800000| Untracked 
| 103|0x000000070fa00000, 0x000000070fa00000, 0x000000070fc00000|  0%| F|  |TAMS 0x000000070fa00000| PB 0x000000070fa00000| Untracked 
| 104|0x000000070fc00000, 0x000000070fc00000, 0x000000070fe00000|  0%| F|  |TAMS 0x000000070fc00000| PB 0x000000070fc00000| Untracked 
| 105|0x000000070fe00000, 0x000000070fe00000, 0x0000000710000000|  0%| F|  |TAMS 0x000000070fe00000| PB 0x000000070fe00000| Untracked 
| 106|0x0000000710000000, 0x0000000710000000, 0x0000000710200000|  0%| F|  |TAMS 0x0000000710000000| PB 0x0000000710000000| Untracked 
| 107|0x0000000710200000, 0x0000000710200000, 0x0000000710400000|  0%| F|  |TAMS 0x0000000710200000| PB 0x0000000710200000| Untracked 
| 108|0x0000000710400000, 0x0000000710400000, 0x0000000710600000|  0%| F|  |TAMS 0x0000000710400000| PB 0x0000000710400000| Untracked 
| 109|0x0000000710600000, 0x0000000710600000, 0x0000000710800000|  0%| F|  |TAMS 0x0000000710600000| PB 0x0000000710600000| Untracked 
| 110|0x0000000710800000, 0x0000000710800000, 0x0000000710a00000|  0%| F|  |TAMS 0x0000000710800000| PB 0x0000000710800000| Untracked 
| 111|0x0000000710a00000, 0x0000000710a00000, 0x0000000710c00000|  0%| F|  |TAMS 0x0000000710a00000| PB 0x0000000710a00000| Untracked 
| 112|0x0000000710c00000, 0x0000000710c00000, 0x0000000710e00000|  0%| F|  |TAMS 0x0000000710c00000| PB 0x0000000710c00000| Untracked 
| 113|0x0000000710e00000, 0x0000000710e00000, 0x0000000711000000|  0%| F|  |TAMS 0x0000000710e00000| PB 0x0000000710e00000| Untracked 
| 114|0x0000000711000000, 0x0000000711000000, 0x0000000711200000|  0%| F|  |TAMS 0x0000000711000000| PB 0x0000000711000000| Untracked 
| 115|0x0000000711200000, 0x0000000711200000, 0x0000000711400000|  0%| F|  |TAMS 0x0000000711200000| PB 0x0000000711200000| Untracked 
| 116|0x0000000711400000, 0x0000000711400000, 0x0000000711600000|  0%| F|  |TAMS 0x0000000711400000| PB 0x0000000711400000| Untracked 
| 117|0x0000000711600000, 0x0000000711600000, 0x0000000711800000|  0%| F|  |TAMS 0x0000000711600000| PB 0x0000000711600000| Untracked 
| 118|0x0000000711800000, 0x0000000711800000, 0x0000000711a00000|  0%| F|  |TAMS 0x0000000711800000| PB 0x0000000711800000| Untracked 
| 119|0x0000000711a00000, 0x0000000711a00000, 0x0000000711c00000|  0%| F|  |TAMS 0x0000000711a00000| PB 0x0000000711a00000| Untracked 
| 120|0x0000000711c00000, 0x0000000711c00000, 0x0000000711e00000|  0%| F|  |TAMS 0x0000000711c00000| PB 0x0000000711c00000| Untracked 
| 121|0x0000000711e00000, 0x0000000711e00000, 0x0000000712000000|  0%| F|  |TAMS 0x0000000711e00000| PB 0x0000000711e00000| Untracked 
| 122|0x0000000712000000, 0x00000007120e14c0, 0x0000000712200000| 44%| E|  |TAMS 0x0000000712000000| PB 0x0000000712000000| Complete 
| 123|0x0000000712200000, 0x0000000712400000, 0x0000000712400000|100%| E|CS|TAMS 0x0000000712200000| PB 0x0000000712200000| Complete 
| 124|0x0000000712400000, 0x0000000712600000, 0x0000000712600000|100%| E|CS|TAMS 0x0000000712400000| PB 0x0000000712400000| Complete 
| 125|0x0000000712600000, 0x0000000712800000, 0x0000000712800000|100%| E|CS|TAMS 0x0000000712600000| PB 0x0000000712600000| Complete 
| 126|0x0000000712800000, 0x0000000712a00000, 0x0000000712a00000|100%| E|CS|TAMS 0x0000000712800000| PB 0x0000000712800000| Complete 

Card table byte_map: [0x0000023c338b0000,0x0000023c340a0000] _byte_map_base: 0x0000023c3009a000

Marking Bits: (CMBitMap*) 0x0000023c1b6f8250
 Bits: [0x0000023c340a0000, 0x0000023c37ff0000)

Polling page: 0x0000023c194c0000

Metaspace:

Usage:
  Non-class:      3.26 MB used.
      Class:    201.02 KB used.
       Both:      3.46 MB used.

Virtual space:
  Non-class space:       64.00 MB reserved,       3.38 MB (  5%) committed,  1 nodes.
      Class space:        1.00 GB reserved,     320.00 KB ( <1%) committed,  1 nodes.
             Both:        1.06 GB reserved,       3.69 MB ( <1%) committed. 

Chunk freelists:
   Non-Class:  10.37 MB
       Class:  15.66 MB
        Both:  26.03 MB

MaxMetaspaceSize: unlimited
CompressedClassSpaceSize: 1.00 GB
Initial GC threshold: 21.00 MB
Current GC threshold: 21.00 MB
CDS: on
 - commit_granule_bytes: 65536.
 - commit_granule_words: 8192.
 - virtual_space_node_default_size: 8388608.
 - enlarge_chunks_in_place: 1.
 - use_allocation_guard: 0.


Internal statistics:

num_allocs_failed_limit: 0.
num_arena_births: 80.
num_arena_deaths: 0.
num_vsnodes_births: 2.
num_vsnodes_deaths: 0.
num_space_committed: 57.
num_space_uncommitted: 0.
num_chunks_returned_to_freelist: 0.
num_chunks_taken_from_freelist: 156.
num_chunk_merges: 0.
num_chunk_splits: 104.
num_chunks_enlarged: 67.
num_inconsistent_stats: 0.

CodeHeap 'non-profiled nmethods': size=120000Kb used=228Kb max_used=228Kb free=119772Kb
 bounds [0x0000023c2b860000, 0x0000023c2bad0000, 0x0000023c32d90000]
CodeHeap 'profiled nmethods': size=120000Kb used=992Kb max_used=992Kb free=119007Kb
 bounds [0x0000023c23d90000, 0x0000023c24000000, 0x0000023c2b2c0000]
CodeHeap 'non-nmethods': size=5760Kb used=2089Kb max_used=2106Kb free=3670Kb
 bounds [0x0000023c2b2c0000, 0x0000023c2b530000, 0x0000023c2b860000]
 total_blobs=1787 nmethods=727 adapters=965
 compilation: enabled
              stopped_count=0, restarted_count=0
 full_count=0

Compilation events (20 events):
Event: 1.072 Thread 0x0000023c3aa20e60 nmethod 720 0x0000023c23e85990 code [0x0000023c23e85b20, 0x0000023c23e85c40]
Event: 1.072 Thread 0x0000023c3aa20e60  721       3       jdk.internal.util.ArraysSupport::mismatch (73 bytes)
Event: 1.072 Thread 0x0000023c3aa20e60 nmethod 721 0x0000023c23e85d10 code [0x0000023c23e85f00, 0x0000023c23e862f0]
Event: 1.072 Thread 0x0000023c3aa20e60  722       3       java.lang.String::compareTo (9 bytes)
Event: 1.072 Thread 0x0000023c3aa20e60 nmethod 722 0x0000023c23e86510 code [0x0000023c23e866c0, 0x0000023c23e868f0]
Event: 1.073 Thread 0x0000023c3aa20e60  723       3       java.lang.String::compareTo (63 bytes)
Event: 1.073 Thread 0x0000023c3aa20e60 nmethod 723 0x0000023c23e86990 code [0x0000023c23e86ba0, 0x0000023c23e87020]
Event: 1.073 Thread 0x0000023c3aa20e60  726       3       java.lang.StringBuilder::<init> (6 bytes)
Event: 1.073 Thread 0x0000023c3aa20e60 nmethod 726 0x0000023c23e87210 code [0x0000023c23e873c0, 0x0000023c23e874f8]
Event: 1.073 Thread 0x0000023c3aa20e60  727       3       java.lang.String::getChars (55 bytes)
Event: 1.073 Thread 0x0000023c01009f70  712       4       java.lang.String::isLatin1 (19 bytes)
Event: 1.074 Thread 0x0000023c3aa20e60 nmethod 727 0x0000023c23e87590 code [0x0000023c23e877c0, 0x0000023c23e87ec8]
Event: 1.074 Thread 0x0000023c01009f70 nmethod 712 0x0000023c2b895b10 code [0x0000023c2b895ca0, 0x0000023c2b895d30]
Event: 1.074 Thread 0x0000023c01009f70  702       4       java.util.regex.Pattern$BmpCharPropertyGreedy::match (89 bytes)
Event: 1.075 Thread 0x0000023c3aa1e390 nmethod 703 0x0000023c2b895e10 code [0x0000023c2b896040, 0x0000023c2b8969c8]
Event: 1.075 Thread 0x0000023c3aa1e390  724       4       java.lang.StringBuilder::append (8 bytes)
Event: 1.079 Thread 0x0000023c01009f70 nmethod 702 0x0000023c2b897090 code [0x0000023c2b897260, 0x0000023c2b897680]
Event: 1.080 Thread 0x0000023c01009f70  725       4       java.lang.AbstractStringBuilder::append (77 bytes)
Event: 1.081 Thread 0x0000023c3aa1e390 nmethod 724 0x0000023c2b897990 code [0x0000023c2b897b60, 0x0000023c2b898200]
Event: 1.087 Thread 0x0000023c01009f70 nmethod 725 0x0000023c2b898510 code [0x0000023c2b8986e0, 0x0000023c2b898d70]

GC Heap History (0 events):
No events

Dll operation events (12 events):
Event: 0.010 Loaded shared library C:\Program Files\Eclipse Adoptium\jdk-21.0.7.6-hotspot\bin\java.dll
Event: 0.059 Loaded shared library C:\Program Files\Eclipse Adoptium\jdk-21.0.7.6-hotspot\bin\jsvml.dll
Event: 0.113 Loaded shared library C:\Program Files\Eclipse Adoptium\jdk-21.0.7.6-hotspot\bin\zip.dll
Event: 0.117 Loaded shared library C:\Program Files\Eclipse Adoptium\jdk-21.0.7.6-hotspot\bin\instrument.dll
Event: 0.123 Loaded shared library C:\Program Files\Eclipse Adoptium\jdk-21.0.7.6-hotspot\bin\net.dll
Event: 0.125 Loaded shared library C:\Program Files\Eclipse Adoptium\jdk-21.0.7.6-hotspot\bin\nio.dll
Event: 0.128 Loaded shared library C:\Program Files\Eclipse Adoptium\jdk-21.0.7.6-hotspot\bin\zip.dll
Event: 0.153 Loaded shared library C:\Program Files\JetBrains\IntelliJ IDEA Community Edition 2023.3.4\bin\breakgen64.dll
Event: 0.164 Loaded shared library C:\Program Files\Eclipse Adoptium\jdk-21.0.7.6-hotspot\bin\extnet.dll
Event: 0.192 Loaded shared library C:\Program Files\Eclipse Adoptium\jdk-21.0.7.6-hotspot\bin\jimage.dll
Event: 0.219 Loaded shared library C:\Users\Peter\AppData\Local\Temp\lwjgl_Peter\3.3.6+1\x64\lwjgl.dll
Event: 0.584 Loaded shared library C:\Users\Peter\AppData\Local\Temp\lwjgl_Peter\3.3.6+1\x64\lwjgl_opengl.dll

Deoptimization events (20 events):
Event: 0.131 Thread 0x0000023c1b68d740 DEOPT PACKING pc=0x0000023c2b870278 sp=0x0000005eabdfe6e0
Event: 0.131 Thread 0x0000023c1b68d740 DEOPT UNPACKING pc=0x0000023c2b3146a2 sp=0x0000005eabdfe670 mode 2
Event: 0.131 Thread 0x0000023c1b68d740 Uncommon trap: trap_request=0xffffffde fr.pc=0x0000023c2b870278 relative=0x00000000000009b8
Event: 0.131 Thread 0x0000023c1b68d740 Uncommon trap: reason=class_check action=maybe_recompile pc=0x0000023c2b870278 method=java.util.HashMap.putVal(ILjava/lang/Object;Ljava/lang/Object;ZZ)Ljava/lang/Object; @ 152 c2
Event: 0.131 Thread 0x0000023c1b68d740 DEOPT PACKING pc=0x0000023c2b870278 sp=0x0000005eabdfe6e0
Event: 0.131 Thread 0x0000023c1b68d740 DEOPT UNPACKING pc=0x0000023c2b3146a2 sp=0x0000005eabdfe670 mode 2
Event: 0.154 Thread 0x0000023c1b68d740 Uncommon trap: trap_request=0xffffff45 fr.pc=0x0000023c2b870f8c relative=0x000000000000006c
Event: 0.154 Thread 0x0000023c1b68d740 Uncommon trap: reason=unstable_if action=reinterpret pc=0x0000023c2b870f8c method=java.lang.String.isLatin1()Z @ 10 c2
Event: 0.154 Thread 0x0000023c1b68d740 DEOPT PACKING pc=0x0000023c2b870f8c sp=0x0000005eabdfe680
Event: 0.154 Thread 0x0000023c1b68d740 DEOPT UNPACKING pc=0x0000023c2b3146a2 sp=0x0000005eabdfe610 mode 2
Event: 0.155 Thread 0x0000023c1b68d740 Uncommon trap: trap_request=0xffffff45 fr.pc=0x0000023c2b87876c relative=0x00000000000000cc
Event: 0.155 Thread 0x0000023c1b68d740 Uncommon trap: reason=unstable_if action=reinterpret pc=0x0000023c2b87876c method=java.lang.String.isLatin1()Z @ 10 c2
Event: 0.155 Thread 0x0000023c1b68d740 DEOPT PACKING pc=0x0000023c2b87876c sp=0x0000005eabdff0d0
Event: 0.155 Thread 0x0000023c1b68d740 DEOPT UNPACKING pc=0x0000023c2b3146a2 sp=0x0000005eabdff010 mode 2
Event: 0.274 Thread 0x0000023c1b68d740 DEOPT PACKING pc=0x0000023c23dbe7cc sp=0x0000005eabdfe190
Event: 0.274 Thread 0x0000023c1b68d740 DEOPT UNPACKING pc=0x0000023c2b314e42 sp=0x0000005eabdfd5b0 mode 0
Event: 0.606 Thread 0x0000023c1b68d740 Uncommon trap: trap_request=0xffffff54 fr.pc=0x0000023c2b88fa10 relative=0x0000000000000070
Event: 0.606 Thread 0x0000023c1b68d740 Uncommon trap: reason=speculate_null_assert action=make_not_entrant pc=0x0000023c2b88fa10 method=sun.misc.Unsafe.getLong(Ljava/lang/Object;J)J @ 5 c2
Event: 0.606 Thread 0x0000023c1b68d740 DEOPT PACKING pc=0x0000023c2b88fa10 sp=0x0000005eabdff280
Event: 0.606 Thread 0x0000023c1b68d740 DEOPT UNPACKING pc=0x0000023c2b3146a2 sp=0x0000005eabdff208 mode 2

Classes loaded (20 events):
Event: 1.054 Loading class sun/net/www/protocol/jrt/Handler
Event: 1.054 Loading class sun/net/www/protocol/jrt/Handler done
Event: 1.056 Loading class sun/util/cldr/CLDRTimeZoneNameProviderImpl
Event: 1.056 Loading class sun/util/locale/provider/TimeZoneNameProviderImpl
Event: 1.056 Loading class sun/util/locale/provider/TimeZoneNameProviderImpl done
Event: 1.056 Loading class sun/util/cldr/CLDRTimeZoneNameProviderImpl done
Event: 1.061 Loading class sun/util/locale/provider/BaseLocaleDataMetaInfo
Event: 1.061 Loading class sun/util/locale/provider/BaseLocaleDataMetaInfo done
Event: 1.064 Loading class sun/util/resources/cldr/TimeZoneNames
Event: 1.064 Loading class sun/util/resources/TimeZoneNamesBundle
Event: 1.064 Loading class sun/util/resources/OpenListResourceBundle
Event: 1.064 Loading class sun/util/resources/OpenListResourceBundle done
Event: 1.064 Loading class sun/util/resources/TimeZoneNamesBundle done
Event: 1.064 Loading class sun/util/resources/cldr/TimeZoneNames done
Event: 1.065 Loading class sun/util/resources/cldr/TimeZoneNames_en
Event: 1.066 Loading class sun/util/resources/cldr/TimeZoneNames_en done
Event: 1.066 Loading class sun/util/resources/cldr/TimeZoneNames_en_US
Event: 1.066 Loading class sun/util/resources/cldr/TimeZoneNames_en_US done
Event: 1.067 Loading class java/util/LinkedHashMap$LinkedKeySet
Event: 1.067 Loading class java/util/LinkedHashMap$LinkedKeySet done

Classes unloaded (0 events):
No events

Classes redefined (0 events):
No events

Internal exceptions (20 events):
Event: 0.184 Thread 0x0000023c1b68d740 Exception <a 'java/lang/NoSuchMethodError'{0x00000007124a0918}: 'void java.lang.invoke.DelegatingMethodHandle$Holder.delegate(java.lang.Object, java.lang.Object, int, java.lang.Object)'> (0x00000007124a0918) 
thrown [s\src\hotspot\share\interpreter\linkResolver.cpp, line 773]
Event: 0.184 Thread 0x0000023c1b68d740 Exception <a 'java/lang/NoSuchMethodError'{0x00000007124a46b8}: 'int java.lang.invoke.DirectMethodHandle$Holder.invokeSpecial(java.lang.Object, java.lang.Object, java.lang.Object)'> (0x00000007124a46b8) 
thrown [s\src\hotspot\share\interpreter\linkResolver.cpp, line 773]
Event: 0.189 Thread 0x0000023c1b68d740 Exception <a 'java/lang/NoSuchMethodError'{0x00000007124bdca8}: 'void java.lang.System.loadLibrary(java.lang.String, java.lang.Class)'> (0x00000007124bdca8) 
thrown [s\src\hotspot\share\interpreter\linkResolver.cpp, line 773]
Event: 0.227 Thread 0x0000023c1b68d740 Exception <a 'sun/nio/fs/WindowsException'{0x00000007124f7b00}> (0x00000007124f7b00) 
thrown [s\src\hotspot\share\prims\jni.cpp, line 520]
Event: 0.227 Thread 0x0000023c1b68d740 Exception <a 'sun/nio/fs/WindowsException'{0x00000007124f8050}> (0x00000007124f8050) 
thrown [s\src\hotspot\share\prims\jni.cpp, line 520]
Event: 0.244 Thread 0x0000023c1b68d740 Exception <a 'sun/nio/fs/WindowsException'{0x0000000712528180}> (0x0000000712528180) 
thrown [s\src\hotspot\share\prims\jni.cpp, line 520]
Event: 0.244 Thread 0x0000023c1b68d740 Exception <a 'sun/nio/fs/WindowsException'{0x00000007125284e0}> (0x00000007125284e0) 
thrown [s\src\hotspot\share\prims\jni.cpp, line 520]
Event: 0.261 Thread 0x0000023c1b68d740 Exception <a 'java/lang/NoSuchMethodError'{0x0000000712599f40}: 'int java.lang.invoke.DirectMethodHandle$Holder.invokeStaticInit(java.lang.Object, java.lang.Object, int, long)'> (0x0000000712599f40) 
thrown [s\src\hotspot\share\interpreter\linkResolver.cpp, line 773]
Event: 0.262 Thread 0x0000023c1b68d740 Exception <a 'java/lang/NoSuchMethodError'{0x000000071259f318}: 'java.lang.Object java.lang.invoke.DirectMethodHandle$Holder.newInvokeSpecial(java.lang.Object, java.lang.Object, int)'> (0x000000071259f318) 
thrown [s\src\hotspot\share\interpreter\linkResolver.cpp, line 773]
Event: 0.265 Thread 0x0000023c1b68d740 Exception <a 'java/lang/NoSuchMethodError'{0x00000007125ae610}: 'int java.lang.invoke.DirectMethodHandle$Holder.invokeStaticInit(java.lang.Object, java.lang.Object, long, long)'> (0x00000007125ae610) 
thrown [s\src\hotspot\share\interpreter\linkResolver.cpp, line 773]
Event: 0.265 Thread 0x0000023c1b68d740 Exception <a 'java/lang/NoSuchMethodError'{0x00000007125b4368}: 'java.lang.Object java.lang.invoke.DirectMethodHandle$Holder.newInvokeSpecial(java.lang.Object, java.lang.Object, long)'> (0x00000007125b4368) 
thrown [s\src\hotspot\share\interpreter\linkResolver.cpp, line 773]
Event: 0.266 Thread 0x0000023c1b68d740 Exception <a 'java/lang/NoSuchMethodError'{0x00000007125b84d0}: 'java.lang.Object java.lang.invoke.Invokers$Holder.linkToTargetMethod(java.lang.Object, long, java.lang.Object)'> (0x00000007125b84d0) 
thrown [s\src\hotspot\share\interpreter\linkResolver.cpp, line 773]
Event: 0.267 Thread 0x0000023c1b68d740 Exception <a 'java/lang/NoSuchMethodError'{0x00000007125bf718}: 'int java.lang.invoke.DirectMethodHandle$Holder.invokeStaticInit(java.lang.Object, java.lang.Object, java.lang.Object, long)'> (0x00000007125bf718) 
thrown [s\src\hotspot\share\interpreter\linkResolver.cpp, line 773]
Event: 0.574 Thread 0x0000023c1b68d740 Exception <a 'java/lang/NoSuchMethodError'{0x0000000712230690}: 'void java.lang.System.load(java.lang.String, java.lang.Class)'> (0x0000000712230690) 
thrown [s\src\hotspot\share\interpreter\linkResolver.cpp, line 773]
Event: 0.575 Thread 0x0000023c1b68d740 Exception <a 'java/lang/NoSuchMethodError'{0x0000000712233100}: 'void java.lang.System.loadLibrary(java.lang.String, java.lang.Class)'> (0x0000000712233100) 
thrown [s\src\hotspot\share\interpreter\linkResolver.cpp, line 773]
Event: 0.582 Thread 0x0000023c1b68d740 Exception <a 'sun/nio/fs/WindowsException'{0x0000000712241d40}> (0x0000000712241d40) 
thrown [s\src\hotspot\share\prims\jni.cpp, line 520]
Event: 0.582 Thread 0x0000023c1b68d740 Exception <a 'sun/nio/fs/WindowsException'{0x00000007122420e0}> (0x00000007122420e0) 
thrown [s\src\hotspot\share\prims\jni.cpp, line 520]
Event: 0.589 Thread 0x0000023c1b68d740 Exception <a 'sun/nio/fs/WindowsException'{0x000000071224e698}> (0x000000071224e698) 
thrown [s\src\hotspot\share\prims\jni.cpp, line 520]
Event: 0.589 Thread 0x0000023c1b68d740 Exception <a 'sun/nio/fs/WindowsException'{0x000000071224e968}> (0x000000071224e968) 
thrown [s\src\hotspot\share\prims\jni.cpp, line 520]
Event: 1.068 Thread 0x0000023c3aa19490 Exception <a 'java/lang/NoSuchMethodError'{0x0000000712058980}: 'java.lang.Object java.lang.invoke.Invokers$Holder.invokeExact_MT(java.lang.Object, java.lang.Object, java.lang.Object, java.lang.Object, java.lang.Object, java.lang.Object)'> (0x0000000712058980) 
thrown [s\src\hotspot\share\interpreter\linkResolver.cpp, line 773]

ZGC Phase Switch (0 events):
No events

VM Operations (6 events):
Event: 0.097 Executing VM operation: HandshakeAllThreads (Deoptimize)
Event: 0.097 Executing VM operation: HandshakeAllThreads (Deoptimize) done
Event: 0.209 Executing VM operation: HandshakeAllThreads (Deoptimize)
Event: 0.209 Executing VM operation: HandshakeAllThreads (Deoptimize) done
Event: 1.209 Executing VM operation: Cleanup
Event: 1.209 Executing VM operation: Cleanup done

Memory protections (0 events):
No events

Nmethod flushes (0 events):
No events

Events (13 events):
Event: 0.032 Thread 0x0000023c1b68d740 Thread added: 0x0000023c1b68d740
Event: 0.056 Thread 0x0000023c1b68d740 Thread added: 0x0000023c3aa12e10
Event: 0.056 Thread 0x0000023c1b68d740 Thread added: 0x0000023c3aa14c20
Event: 0.056 Thread 0x0000023c1b68d740 Thread added: 0x0000023c3aa16a30
Event: 0.056 Thread 0x0000023c1b68d740 Thread added: 0x0000023c3aa19490
Event: 0.056 Thread 0x0000023c1b68d740 Thread added: 0x0000023c3aa19ee0
Event: 0.056 Thread 0x0000023c1b68d740 Thread added: 0x0000023c3aa1a930
Event: 0.057 Thread 0x0000023c1b68d740 Thread added: 0x0000023c3aa1e390
Event: 0.057 Thread 0x0000023c1b68d740 Thread added: 0x0000023c3aa20e60
Event: 0.089 Thread 0x0000023c1b68d740 Thread added: 0x0000023c3a9e2c60
Event: 0.154 Thread 0x0000023c1b68d740 Thread added: 0x0000023c3abd2290
Event: 0.154 Thread 0x0000023c1b68d740 Thread added: 0x0000023c3abf9c30
Event: 1.073 Thread 0x0000023c3aa20e60 Thread added: 0x0000023c01009f70


Dynamic libraries:
0x00007ff721850000 - 0x00007ff72185e000 	C:\Program Files\Eclipse Adoptium\jdk-21.0.7.6-hotspot\bin\java.exe
0x00007ff9a8510000 - 0x00007ff9a8708000 	C:\Windows\SYSTEM32\ntdll.dll
0x00007ff9a8010000 - 0x00007ff9a80d2000 	C:\Windows\System32\KERNEL32.DLL
0x00007ff9a6130000 - 0x00007ff9a6426000 	C:\Windows\System32\KERNELBASE.dll
0x00007ff9a5ce0000 - 0x00007ff9a5de0000 	C:\Windows\System32\ucrtbase.dll
0x00007ff9a1c40000 - 0x00007ff9a1c5e000 	C:\Program Files\Eclipse Adoptium\jdk-21.0.7.6-hotspot\bin\VCRUNTIME140.dll
0x00007ff996e70000 - 0x00007ff996e88000 	C:\Program Files\Eclipse Adoptium\jdk-21.0.7.6-hotspot\bin\jli.dll
0x00007ff98f390000 - 0x00007ff98f62a000 	C:\Windows\WinSxS\amd64_microsoft.windows.common-controls_6595b64144ccf1df_6.0.19041.5915_none_60b4b9d171f9c7c7\COMCTL32.dll
0x00007ff9a8270000 - 0x00007ff9a840d000 	C:\Windows\System32\USER32.dll
0x00007ff9a7f70000 - 0x00007ff9a800e000 	C:\Windows\System32\msvcrt.dll
0x00007ff9a5ba0000 - 0x00007ff9a5bc2000 	C:\Windows\System32\win32u.dll
0x00007ff9a6de0000 - 0x00007ff9a6e0b000 	C:\Windows\System32\GDI32.dll
0x00007ff9a5de0000 - 0x00007ff9a5ef9000 	C:\Windows\System32\gdi32full.dll
0x00007ff9a6090000 - 0x00007ff9a612d000 	C:\Windows\System32\msvcp_win.dll
0x00007ff9a7f40000 - 0x00007ff9a7f6f000 	C:\Windows\System32\IMM32.DLL
0x00007ff999840000 - 0x00007ff99984c000 	C:\Program Files\Eclipse Adoptium\jdk-21.0.7.6-hotspot\bin\vcruntime140_1.dll
0x00007ff968b80000 - 0x00007ff968c0d000 	C:\Program Files\Eclipse Adoptium\jdk-21.0.7.6-hotspot\bin\msvcp140.dll
0x00007ff9537b0000 - 0x00007ff954540000 	C:\Program Files\Eclipse Adoptium\jdk-21.0.7.6-hotspot\bin\server\jvm.dll
0x00007ff9a7950000 - 0x00007ff9a7a01000 	C:\Windows\System32\ADVAPI32.dll
0x00007ff9a77e0000 - 0x00007ff9a787f000 	C:\Windows\System32\sechost.dll
0x00007ff9a6fe0000 - 0x00007ff9a7103000 	C:\Windows\System32\RPCRT4.dll
0x00007ff9a6060000 - 0x00007ff9a6087000 	C:\Windows\System32\bcrypt.dll
0x00007ff9a78e0000 - 0x00007ff9a794b000 	C:\Windows\System32\WS2_32.dll
0x00007ff9a5130000 - 0x00007ff9a517b000 	C:\Windows\SYSTEM32\POWRPROF.dll
0x00007ff9960c0000 - 0x00007ff9960e7000 	C:\Windows\SYSTEM32\WINMM.dll
0x00007ff99df40000 - 0x00007ff99df4a000 	C:\Windows\SYSTEM32\VERSION.dll
0x00007ff9a4fa0000 - 0x00007ff9a4fb2000 	C:\Windows\SYSTEM32\UMPDC.dll
0x00007ff9a3a40000 - 0x00007ff9a3a52000 	C:\Windows\SYSTEM32\kernel.appcore.dll
0x00007ff999700000 - 0x00007ff99970a000 	C:\Program Files\Eclipse Adoptium\jdk-21.0.7.6-hotspot\bin\jimage.dll
0x00007ff995760000 - 0x00007ff995961000 	C:\Windows\SYSTEM32\DBGHELP.DLL
0x00007ff97d470000 - 0x00007ff97d4a4000 	C:\Windows\SYSTEM32\dbgcore.DLL
0x00007ff9a5bd0000 - 0x00007ff9a5c52000 	C:\Windows\System32\bcryptPrimitives.dll
0x00007ff996e50000 - 0x00007ff996e5f000 	C:\Program Files\Eclipse Adoptium\jdk-21.0.7.6-hotspot\bin\instrument.dll
0x00007ff996e30000 - 0x00007ff996e4f000 	C:\Program Files\Eclipse Adoptium\jdk-21.0.7.6-hotspot\bin\java.dll
0x00007ff9a6590000 - 0x00007ff9a6cfe000 	C:\Windows\System32\SHELL32.dll
0x00007ff9a3c40000 - 0x00007ff9a43e4000 	C:\Windows\SYSTEM32\windows.storage.dll
0x00007ff9a7a30000 - 0x00007ff9a7d83000 	C:\Windows\System32\combase.dll
0x00007ff9a55d0000 - 0x00007ff9a55fb000 	C:\Windows\SYSTEM32\Wldp.dll
0x00007ff9a81a0000 - 0x00007ff9a826d000 	C:\Windows\System32\OLEAUT32.dll
0x00007ff9a80e0000 - 0x00007ff9a818d000 	C:\Windows\System32\SHCORE.dll
0x00007ff9a7310000 - 0x00007ff9a736b000 	C:\Windows\System32\shlwapi.dll
0x00007ff9a5ad0000 - 0x00007ff9a5af4000 	C:\Windows\SYSTEM32\profapi.dll
0x00007ff964700000 - 0x00007ff9647d7000 	C:\Program Files\Eclipse Adoptium\jdk-21.0.7.6-hotspot\bin\jsvml.dll
0x00007ff990dc0000 - 0x00007ff990dd8000 	C:\Program Files\Eclipse Adoptium\jdk-21.0.7.6-hotspot\bin\zip.dll
0x00007ff990db0000 - 0x00007ff990dc0000 	C:\Program Files\Eclipse Adoptium\jdk-21.0.7.6-hotspot\bin\net.dll
0x00007ff99e0b0000 - 0x00007ff99e1ba000 	C:\Windows\SYSTEM32\WINHTTP.dll
0x00007ff9a5330000 - 0x00007ff9a539a000 	C:\Windows\system32\mswsock.dll
0x00007ff990420000 - 0x00007ff990436000 	C:\Program Files\Eclipse Adoptium\jdk-21.0.7.6-hotspot\bin\nio.dll
0x00007ff98f950000 - 0x00007ff98f96a000 	C:\Program Files\JetBrains\IntelliJ IDEA Community Edition 2023.3.4\bin\breakgen64.dll
0x00007ff990410000 - 0x00007ff990419000 	C:\Program Files\Eclipse Adoptium\jdk-21.0.7.6-hotspot\bin\extnet.dll
0x00007ff964680000 - 0x00007ff9646fe000 	C:\Users\Peter\AppData\Local\Temp\lwjgl_Peter\3.3.6+1\x64\lwjgl.dll
0x00007ff964030000 - 0x00007ff9640b9000 	C:\Users\Peter\AppData\Local\Temp\lwjgl_Peter\3.3.6+1\x64\glfw.dll
0x00007ff98cf50000 - 0x00007ff98cf95000 	C:\Windows\SYSTEM32\dinput8.dll
0x00007ff941590000 - 0x00007ff9415a1000 	C:\Windows\SYSTEM32\xinput1_4.dll
0x00007ff9a6430000 - 0x00007ff9a647e000 	C:\Windows\System32\cfgmgr32.dll
0x00007ff9a5930000 - 0x00007ff9a5963000 	C:\Windows\SYSTEM32\DEVOBJ.dll
0x00007ff9a3860000 - 0x00007ff9a388f000 	C:\Windows\SYSTEM32\dwmapi.dll
0x00007ff98e330000 - 0x00007ff98e482000 	C:\Windows\SYSTEM32\inputhost.dll
0x00007ff9a2ef0000 - 0x00007ff9a2fe4000 	C:\Windows\SYSTEM32\PROPSYS.dll
0x00007ff9a23a0000 - 0x00007ff9a24f7000 	C:\Windows\SYSTEM32\wintypes.dll
0x00007ff9a1c80000 - 0x00007ff9a1fdb000 	C:\Windows\SYSTEM32\CoreUIComponents.dll
0x00007ff9a1fe0000 - 0x00007ff9a20d2000 	C:\Windows\SYSTEM32\CoreMessaging.dll
0x00007ff9a4e30000 - 0x00007ff9a4e63000 	C:\Windows\SYSTEM32\ntmarta.dll
0x00007ff9a3550000 - 0x00007ff9a35ee000 	C:\Windows\system32\uxtheme.dll
0x00007ff9a7110000 - 0x00007ff9a7225000 	C:\Windows\System32\MSCTF.dll
0x00007ff9995d0000 - 0x00007ff9996f8000 	C:\Windows\SYSTEM32\opengl32.dll
0x00007ff99f6d0000 - 0x00007ff99f6fc000 	C:\Windows\SYSTEM32\GLU32.dll
0x00007ff9a8410000 - 0x00007ff9a84b9000 	C:\Windows\System32\clbcatq.dll
0x00007ff921fa0000 - 0x00007ff924588000 	C:\Windows\System32\DriverStore\FileRepository\nv_dispig.inf_amd64_0afec3f2050014a0\nvoglv64.dll
0x00007ff9a7370000 - 0x00007ff9a77e0000 	C:\Windows\System32\SETUPAPI.dll
0x00007ff9a6e10000 - 0x00007ff9a6f3b000 	C:\Windows\System32\ole32.dll
0x00007ff9a0420000 - 0x00007ff9a0434000 	C:\Windows\SYSTEM32\WTSAPI32.dll
0x00007ff9a5760000 - 0x00007ff9a5772000 	C:\Windows\SYSTEM32\msasn1.dll
0x00007ff99db40000 - 0x00007ff99db71000 	C:\Windows\SYSTEM32\cryptnet.dll
0x00007ff9a5f00000 - 0x00007ff9a605d000 	C:\Windows\System32\CRYPT32.dll
0x00007ff9a5520000 - 0x00007ff9a552c000 	C:\Windows\SYSTEM32\cryptbase.dll
0x00007ff99d9d0000 - 0x00007ff99db17000 	C:\Windows\SYSTEM32\drvstore.dll
0x00007ff9a5c60000 - 0x00007ff9a5cd3000 	C:\Windows\System32\WINTRUST.dll
0x00007ff9a7a10000 - 0x00007ff9a7a2d000 	C:\Windows\System32\imagehlp.dll
0x00007ff9a5530000 - 0x00007ff9a5548000 	C:\Windows\SYSTEM32\CRYPTSP.dll
0x00007ff9a4be0000 - 0x00007ff9a4c18000 	C:\Windows\system32\rsaenh.dll
0x00007ff996f70000 - 0x00007ff998f5e000 	C:\Windows\System32\DriverStore\FileRepository\nv_dispig.inf_amd64_0afec3f2050014a0\nvgpucomp64.dll
0x00007ff99adb0000 - 0x00007ff99adeb000 	C:\Windows\SYSTEM32\dxcore.dll
0x00007ff94cb20000 - 0x00007ff94cdf0000 	C:\Windows\system32\nvspcap64.dll
0x00007ff9a48f0000 - 0x00007ff9a494b000 	C:\Windows\SYSTEM32\WINSTA.dll
0x00007ff98e490000 - 0x00007ff98e589000 	C:\Windows\SYSTEM32\textinputframework.dll
0x00007ff988950000 - 0x00007ff9889ad000 	C:\Users\Peter\AppData\Local\Temp\lwjgl_Peter\3.3.6+1\x64\lwjgl_opengl.dll

dbghelp: loaded successfully - version: 4.0.5 - missing functions: none
symbol engine: initialized successfully - sym options: 0x614 - pdb path: .;C:\Program Files\Eclipse Adoptium\jdk-21.0.7.6-hotspot\bin;C:\Windows\SYSTEM32;C:\Windows\WinSxS\amd64_microsoft.windows.common-controls_6595b64144ccf1df_6.0.19041.5915_none_60b4b9d171f9c7c7;C:\Program Files\Eclipse Adoptium\jdk-21.0.7.6-hotspot\bin\server;C:\Program Files\JetBrains\IntelliJ IDEA Community Edition 2023.3.4\bin;C:\Users\Peter\AppData\Local\Temp\lwjgl_Peter\3.3.6+1\x64;C:\Windows\System32\DriverStore\FileRepository\nv_dispig.inf_amd64_0afec3f2050014a0

VM Arguments:
jvm_args: -javaagent:C:\Program Files\JetBrains\IntelliJ IDEA Community Edition 2023.3.4\lib\idea_rt.jar=58470:C:\Program Files\JetBrains\IntelliJ IDEA Community Edition 2023.3.4\bin -Dfile.encoding=UTF-8 -Dsun.stdout.encoding=UTF-8 -Dsun.stderr.encoding=UTF-8 
java_command: Main
java_class_path (initial): C:\Users\Peter\Pictures\CivGame\out\production\CivGame;C:\Users\Peter\Pictures\CivGame\library\lwjgl-glfw-natives-windows.jar;C:\Users\Peter\Pictures\CivGame\library\lwjgl-glfw.jar;C:\Users\Peter\Pictures\CivGame\library\lwjgl-assimp-natives-windows.jar;C:\Users\Peter\Pictures\CivGame\library\lwjgl-assimp.jar;C:\Users\Peter\Pictures\CivGame\library\lwjgl-openal-natives-windows.jar;C:\Users\Peter\Pictures\CivGame\library\lwjgl-openal.jar;C:\Users\Peter\Pictures\CivGame\library\lwjgl-opengl-natives-windows.jar;C:\Users\Peter\Pictures\CivGame\library\lwjgl-opengl.jar;C:\Users\Peter\Pictures\CivGame\library\lwjgl-stb-natives-windows.jar;C:\Users\Peter\Pictures\CivGame\library\lwjgl-stb.jar;C:\Users\Peter\Pictures\CivGame\library\lwjgl.jar;C:\Users\Peter\Pictures\CivGame\library\lwjgl-natives-windows.jar
Launcher Type: SUN_STANDARD

[Global flags]
     intx CICompilerCount                          = 4                                         {product} {ergonomic}
     uint ConcGCThreads                            = 2                                         {product} {ergonomic}
     uint G1ConcRefinementThreads                  = 8                                         {product} {ergonomic}
   size_t G1HeapRegionSize                         = 2097152                                   {product} {ergonomic}
    uintx GCDrainStackTargetSize                   = 64                                        {product} {ergonomic}
   size_t InitialHeapSize                          = 266338304                                 {product} {ergonomic}
   size_t MarkStackSize                            = 4194304                                   {product} {ergonomic}
   size_t MaxHeapSize                              = 4248829952                                {product} {ergonomic}
   size_t MaxNewSize                               = 2548039680                                {product} {ergonomic}
   size_t MinHeapDeltaBytes                        = 2097152                                   {product} {ergonomic}
   size_t MinHeapSize                              = 8388608                                   {product} {ergonomic}
    uintx NonNMethodCodeHeapSize                   = 5839372                                {pd product} {ergonomic}
    uintx NonProfiledCodeHeapSize                  = 122909434                              {pd product} {ergonomic}
    uintx ProfiledCodeHeapSize                     = 122909434                              {pd product} {ergonomic}
    uintx ReservedCodeCacheSize                    = 251658240                              {pd product} {ergonomic}
     bool SegmentedCodeCache                       = true                                      {product} {ergonomic}
   size_t SoftMaxHeapSize                          = 4248829952                             {manageable} {ergonomic}
     bool UseCompressedOops                        = true                           {product lp64_product} {ergonomic}
     bool UseG1GC                                  = true                                      {product} {ergonomic}
     bool UseLargePagesIndividualAllocation        = false                                  {pd product} {ergonomic}

Logging:
Log output configuration:
 #0: stdout all=warning uptime,level,tags foldmultilines=false
 #1: stderr all=off uptime,level,tags foldmultilines=false

Environment Variables:
JAVA_HOME=C:\Program Files\Eclipse Adoptium\jdk-21.0.7.6-hotspot\
PATH=C:\Program Files\ImageMagick-7.1.1-Q16-HDRI;;C:\Program Files\Eclipse Adoptium\jdk-21.0.7.6-hotspot\bin;C:\Program Files (x86)\Common Files\Intel\Shared Libraries\redist\intel64\compiler;C:\Program Files\Common Files\Oracle\Java\javapath;C:\Program Files (x86)\Common Files\Oracle\Java\java8path;C:\Program Files (x86)\Common Files\Oracle\Java\javapath;C:\Windows\system32;C:\Windows;C:\Windows\System32\Wbem;C:\Windows\System32\WindowsPowerShell\v1.0\;C:\Windows\System32\OpenSSH\;C:\Program Files\NVIDIA Corporation\NVIDIA NvDLISR;C:\Program Files (x86)\NVIDIA Corporation\PhysX\Common;C:\Program Files\dotnet\;C:\Program Files\nodejs\;C:\Program Files\Git\cmd;C:\Users\Peter\AppData\Local\Programs\Python\Python313\Scripts\;C:\Users\Peter\AppData\Local\Programs\Python\Python313\;C:\Users\Peter\AppData\Local\Programs\Python\Launcher\;C:\Users\Peter\AppData\Local\Microsoft\WindowsApps;C:\Users\Peter\AppData\Local\GitHubDesktop\bin;C:\Users\Peter\AppData\Local\Programs\Microsoft VS Code\bin;C:\Users\Peter\AppData\Local\Muse Hub\lib;C:\Users\Peter\AppData\Roaming\npm
USERNAME=Peter
OS=Windows_NT
PROCESSOR_IDENTIFIER=Intel64 Family 6 Model 158 Stepping 9, GenuineIntel
TMP=C:\Users\Peter\AppData\Local\Temp
TEMP=C:\Users\Peter\AppData\Local\Temp




Periodic native trim disabled

---------------  S Y S T E M  ---------------

OS:
 Windows 10 , 64 bit Build 19041 (10.0.19041.5915)
OS uptime: 7 days 9:48 hours

CPU: total 8 (initial active 8) (4 cores per cpu, 2 threads per core) family 6 model 158 stepping 9 microcode 0xb4, cx8, cmov, fxsr, ht, mmx, 3dnowpref, sse, sse2, sse3, ssse3, sse4.1, sse4.2, popcnt, lzcnt, tsc, tscinvbit, avx, avx2, aes, erms, clmul, bmi1, bmi2, rtm, adx, fma, vzeroupper, clflush, clflushopt, rdtscp, f16c
Processor Information for the first 8 processors :
  Max Mhz: 4201, Current Mhz: 4201, Mhz Limit: 4201

Memory: 4k page, system-wide physical 16203M (3271M free)
TotalPageFile size 30052M (AvailPageFile size 4368M)
current process WorkingSet (physical memory assigned to process): 89M, peak: 90M
current process commit charge ("private bytes"): 410M, peak: 412M

vm_info: OpenJDK 64-Bit Server VM (21.0.7+6-LTS) for windows-amd64 JRE (21.0.7+6-LTS), built on 2025-04-15T00:00:00Z by "admin" with MS VC++ 17.7 (VS2022)

END.
